<?xml version="1.0" encoding="UTF-8"?>
<!-- Generated by org.testng.reporters.JUnitReportReporter -->
<testsuite hostname="WSEINWL-JH8XQC2" failures="0" tests="2" name="TestRun.TestRunner" time="9.519" errors="0" timestamp="2020-07-30T10:37:37 IST" skipped="0">
  <testcase classname="TestRun.TestRunner" name="click_practice" time="2.334"/>
  <system-out/>
  <testcase classname="TestRun.TestRunner" name="click_OpenTab" time="7.185"/>
  <system-out/>
</testsuite> <!-- TestRun.TestRunner -->
