<?xml version="1.0" encoding="UTF-8"?>
<!-- Generated by org.testng.reporters.JUnitReportReporter -->
<testsuite hostname="WSEINWL-JH8XQC2" failures="0" tests="2" name="funcdef.TestRunner" time="6.372" errors="0" timestamp="30 Jul 2020 13:31:10 GMT" skipped="0">
  <testcase classname="funcdef.TestRunner" name="click_practice" time="0.125"/>
  <testcase classname="funcdef.TestRunner" name="click_OpenTab" time="6.247"/>
</testsuite> <!-- funcdef.TestRunner -->
