<?xml version="1.0" encoding="UTF-8"?>
<!-- Generated by org.testng.reporters.JUnitReportReporter -->
<testsuite hostname="WSEINWL-JH8XQC2" failures="0" tests="2" name="funcdef.TestRunner" time="23.020" errors="0" timestamp="31 Jul 2020 08:19:39 GMT" skipped="0">
  <testcase classname="funcdef.TestRunner" name="click_practice" time="16.821"/>
  <testcase classname="funcdef.TestRunner" name="click_OpenTab" time="6.199"/>
</testsuite> <!-- funcdef.TestRunner -->
